<?xml version="1.0" encoding="UTF-8"?>
<testsuite xmlns:xsi="http://www.w3.org/2001/XMLSchema-instance" xsi:noNamespaceSchemaLocation="https://maven.apache.org/surefire/maven-surefire-plugin/xsd/surefire-test-report-3.0.xsd" version="3.0" name="ai.aecode.aecode1.Aecode1ApplicationTests" time="21.623" tests="1" errors="0" skipped="0" failures="0">
  <properties>
[...]
</properties>
  <testcase name="contextLoads" classname="ai.aecode.aecode1.Aecode1ApplicationTests" time="1.035">
    <system-out><![CDATA[11:32:37.826 [main] INFO org.springframework.test.context.support.AnnotationConfigContextLoaderUtils -- Could not detect default configuration classes for test class [ai.aecode.aecode1.Aecode1ApplicationTests]: Aecode1ApplicationTests does not declare any static, non-private, non-final, nested classes annotated with @Configuration.
11:32:38.268 [main] INFO org.springframework.boot.test.context.SpringBootTestContextBootstrapper -- Found @SpringBootConfiguration ai.aecode.aecode1.Aecode1Application for test class ai.aecode.aecode1.Aecode1ApplicationTests
11:32:38.985 [main] INFO org.springframework.boot.devtools.restart.RestartApplicationListener -- Restart disabled due to context in which it is running

  .   ____          _            __ _ _
 /\\ / ___'_ __ _ _(_)_ __  __ _ \ \ \ \
( ( )\___ | '_ | '_| | '_ \/ _` | \ \ \ \
 \\/  ___)| |_)| | | | | || (_| |  ) ) ) )
  '  |____| .__|_| |_|_| |_\__, | / / / /
 =========|_|==============|___/=/_/_/_/
 :: Spring Boot ::                (v3.2.8)

2024-07-31T11:32:39.958-05:00  INFO 10376 --- [aecode1] [           main] a.a.aecode1.Aecode1ApplicationTests      : Starting Aecode1ApplicationTests using Java 17.0.7 with PID 10376 (started by MANUEL in C:\Users\MANUEL\OneDrive\Escritorio\manuel\AECODE1\Backend-Aecode1)
2024-07-31T11:32:39.963-05:00  INFO 10376 --- [aecode1] [           main] a.a.aecode1.Aecode1ApplicationTests      : No active profile set, falling back to 1 default profile: "default"
2024-07-31T11:32:43.402-05:00  INFO 10376 --- [aecode1] [           main] .s.d.r.c.RepositoryConfigurationDelegate : Bootstrapping Spring Data JPA repositories in DEFAULT mode.
2024-07-31T11:32:43.630-05:00  INFO 10376 --- [aecode1] [           main] .s.d.r.c.RepositoryConfigurationDelegate : Finished Spring Data repository scanning in 201 ms. Found 4 JPA repository interfaces.
2024-07-31T11:32:45.329-05:00  INFO 10376 --- [aecode1] [           main] o.hibernate.jpa.internal.util.LogHelper  : HHH000204: Processing PersistenceUnitInfo [name: default]
2024-07-31T11:32:45.564-05:00  INFO 10376 --- [aecode1] [           main] org.hibernate.Version                    : HHH000412: Hibernate ORM core version 6.4.9.Final
2024-07-31T11:32:45.707-05:00  INFO 10376 --- [aecode1] [           main] o.h.c.internal.RegionFactoryInitiator    : HHH000026: Second-level cache disabled
2024-07-31T11:32:46.725-05:00  INFO 10376 --- [aecode1] [           main] o.s.o.j.p.SpringPersistenceUnitInfo      : No LoadTimeWeaver setup: ignoring JPA class transformer
2024-07-31T11:32:46.821-05:00  INFO 10376 --- [aecode1] [           main] com.zaxxer.hikari.HikariDataSource       : HikariPool-1 - Starting...
2024-07-31T11:32:49.183-05:00  INFO 10376 --- [aecode1] [           main] com.zaxxer.hikari.pool.HikariPool        : HikariPool-1 - Added connection org.postgresql.jdbc.PgConnection@58182b96
2024-07-31T11:32:49.188-05:00  INFO 10376 --- [aecode1] [           main] com.zaxxer.hikari.HikariDataSource       : HikariPool-1 - Start completed.
2024-07-31T11:32:49.419-05:00  WARN 10376 --- [aecode1] [           main] org.hibernate.orm.deprecation            : HHH90000025: PostgreSQLDialect does not need to be specified explicitly using 'hibernate.dialect' (remove the property setting and it will be selected by default)
2024-07-31T11:32:52.445-05:00  INFO 10376 --- [aecode1] [           main] o.h.e.t.j.p.i.JtaPlatformInitiator       : HHH000489: No JTA platform available (set 'hibernate.transaction.jta.platform' to enable JTA platform integration)
2024-07-31T11:32:55.632-05:00  INFO 10376 --- [aecode1] [           main] j.LocalContainerEntityManagerFactoryBean : Initialized JPA EntityManagerFactory for persistence unit 'default'
2024-07-31T11:32:56.771-05:00  WARN 10376 --- [aecode1] [           main] JpaBaseConfiguration$JpaWebConfiguration : spring.jpa.open-in-view is enabled by default. Therefore, database queries may be performed during view rendering. Explicitly configure spring.jpa.open-in-view to disable this warning
2024-07-31T11:32:57.600-05:00  INFO 10376 --- [aecode1] [           main] a.a.aecode1.Aecode1ApplicationTests      : Started Aecode1ApplicationTests in 18.668 seconds (process running for 23.054)
]]></system-out>
  </testcase>
</testsuite>